<?xml version="1.0" encoding="UTF-8"?>
<testng-results skipped="0" failed="0" total="2" passed="2">
  <reporter-output>
  </reporter-output>
  <suite name="FlightValidation" duration-ms="44197" started-at="2020-09-16T14:33:16Z" finished-at="2020-09-16T14:34:00Z">
    <groups>
    </groups>
    <test name="Fligh_Booking" duration-ms="44197" started-at="2020-09-16T14:33:16Z" finished-at="2020-09-16T14:34:00Z">
      <class name="pageTests.FlightBookingTest">
        <test-method status="PASS" signature="Intialize()[pri:0, instance:pageTests.FlightBookingTest@6fffcba5]" name="Intialize" is-config="true" duration-ms="17197" started-at="2020-09-16T20:03:16Z" finished-at="2020-09-16T20:03:34Z">
          <reporter-output>
          </reporter-output>
        </test-method> <!-- Intialize -->
        <test-method status="PASS" signature="FlightBooking_TC001()[pri:0, instance:pageTests.FlightBookingTest@6fffcba5]" name="FlightBooking_TC001" duration-ms="4869" started-at="2020-09-16T20:03:34Z" finished-at="2020-09-16T20:03:38Z">
          <reporter-output>
          </reporter-output>
        </test-method> <!-- FlightBooking_TC001 -->
        <test-method status="PASS" signature="Teardown()[pri:0, instance:pageTests.FlightBookingTest@6fffcba5]" name="Teardown" is-config="true" duration-ms="2178" started-at="2020-09-16T20:03:40Z" finished-at="2020-09-16T20:03:42Z">
          <reporter-output>
          </reporter-output>
        </test-method> <!-- Teardown -->
        <test-method status="PASS" signature="Intialize()[pri:0, instance:pageTests.FlightBookingTest@6fffcba5]" name="Intialize" is-config="true" duration-ms="15842" started-at="2020-09-16T20:03:42Z" finished-at="2020-09-16T20:03:58Z">
          <reporter-output>
          </reporter-output>
        </test-method> <!-- Intialize -->
        <test-method status="PASS" signature="FlightBooking_TC002()[pri:0, instance:pageTests.FlightBookingTest@6fffcba5]" name="FlightBooking_TC002" duration-ms="10" started-at="2020-09-16T20:03:58Z" finished-at="2020-09-16T20:03:58Z">
          <reporter-output>
          </reporter-output>
        </test-method> <!-- FlightBooking_TC002 -->
        <test-method status="PASS" signature="Teardown()[pri:0, instance:pageTests.FlightBookingTest@6fffcba5]" name="Teardown" is-config="true" duration-ms="2170" started-at="2020-09-16T20:03:58Z" finished-at="2020-09-16T20:04:00Z">
          <reporter-output>
          </reporter-output>
        </test-method> <!-- Teardown -->
      </class> <!-- pageTests.FlightBookingTest -->
    </test> <!-- Fligh_Booking -->
  </suite> <!-- FlightValidation -->
</testng-results>
